2011-05-16 15:00:50,328 ERROR [Thread-1]URL文件已经存在：http://www.manzuo.com/beijing/index.htm
2011-05-16 15:00:52,862 ERROR [Thread-1]URL文件已经存在：http://www.manzuo.com/beijing/index.htm
2011-05-16 15:00:59,002 ERROR [Thread-1]URL文件已经存在：http://www.manzuo.com/beijing/index.htm
2011-05-16 15:01:06,875 ERROR [Thread-1]URL文件已经存在：http://www.manzuo.com/deal/beijing/16967674.htm
2011-05-16 15:01:08,371 ERROR [Thread-1]URL文件已经存在：http://www.manzuo.com/deal/beijing/16967674.htm
2011-05-16 15:01:12,456 ERROR [Thread-1]URL文件已经存在：http://www.manzuo.com/deal/beijing/91002124.htm
2011-05-16 15:01:14,029 ERROR [Thread-1]URL文件已经存在：http://www.manzuo.com/deal/beijing/91002124.htm
2011-05-16 15:01:18,095 ERROR [Thread-1]URL文件已经存在：http://www.manzuo.com/deal/beijing/29028330.htm
2011-05-16 15:01:20,154 ERROR [Thread-1]URL文件已经存在：http://www.manzuo.com/deal/beijing/29028330.htm
2011-05-16 15:01:24,503 ERROR [Thread-1]URL文件已经存在：http://www.manzuo.com/deal/beijing/76257732.htm
2011-05-16 15:01:26,095 ERROR [Thread-1]URL文件已经存在：http://www.manzuo.com/deal/beijing/76257732.htm
2011-05-16 15:01:30,987 ERROR [Thread-1]URL文件已经存在：http://www.manzuo.com/deal/beijing/87543995.htm
2011-05-16 15:01:32,579 ERROR [Thread-1]URL文件已经存在：http://www.manzuo.com/deal/beijing/87543995.htm
2011-05-16 15:01:36,062 ERROR [Thread-1]URL文件已经存在：http://www.manzuo.com/deal/beijing/71437137.htm
2011-05-16 15:01:37,262 ERROR [Thread-1]URL文件已经存在：http://www.manzuo.com/deal/beijing/71437137.htm
2011-05-16 15:01:41,269 ERROR [Thread-1]URL文件已经存在：http://www.manzuo.com/deal/beijing/24372742.htm
2011-05-16 15:01:43,200 ERROR [Thread-1]URL文件已经存在：http://www.manzuo.com/deal/beijing/24372742.htm
2011-05-16 15:01:48,068 ERROR [Thread-1]URL文件已经存在：http://www.manzuo.com/deal/beijing/61819780.htm
2011-05-16 15:01:50,246 ERROR [Thread-1]URL文件已经存在：http://www.manzuo.com/deal/beijing/61819780.htm
2011-05-16 15:01:54,566 ERROR [Thread-1]URL文件已经存在：http://www.manzuo.com/deal/beijing/94624216.htm
2011-05-16 15:01:56,171 ERROR [Thread-1]URL文件已经存在：http://www.manzuo.com/deal/beijing/94624216.htm
2011-05-16 15:02:00,286 ERROR [Thread-1]URL文件已经存在：http://www.manzuo.com/deal/beijing/31859423.htm
2011-05-16 15:02:02,845 ERROR [Thread-1]URL文件已经存在：http://www.manzuo.com/deal/beijing/31859423.htm
2011-05-16 15:02:31,871 ERROR [Thread-1]URL文件已经存在：http://www.manzuo.com/deal/beijing/27244281.htm
2011-05-16 15:03:08,630 ERROR [Thread-1]URL文件已经存在：http://www.manzuo.com/deal/beijing/06144592.htm
2011-05-16 15:03:48,426 ERROR [Thread-1]URL文件已经存在：http://www.manzuo.com/deal/beijing/72159821.htm
2011-05-16 15:04:21,191 ERROR [Thread-1]URL文件已经存在：http://www.manzuo.com/deal/beijing/44092556.htm
2011-05-16 15:04:48,711 ERROR [Thread-1]URL文件已经存在：http://www.manzuo.com/deal/beijing/67684840.htm
2011-05-16 15:05:14,296 ERROR [Thread-1]URL文件已经存在：http://www.manzuo.com/deal/beijing/09512456.htm
2011-05-16 15:05:34,694 ERROR [Thread-1]URL文件已经存在：http://www.manzuo.com/deal/beijing/60074032.htm
2011-05-16 15:05:44,836 ERROR [Thread-1]URL文件已经存在：http://www.manzuo.com/deal/beijing/70874791.htm
2011-05-16 15:05:48,066 ERROR [Thread-1]URL文件已经存在：http://www.manzuo.com/deal/beijing/48355969.htm
2011-05-16 15:05:54,368 ERROR [Thread-1]URL文件已经存在：http://www.manzuo.com/deal/beijing/84951481.htm
2011-05-16 15:05:57,286 ERROR [Thread-1]URL文件已经存在：http://www.manzuo.com/deal/beijing/38440540.htm
2011-05-16 15:05:59,848 ERROR [Thread-1]URL文件已经存在：http://www.manzuo.com/deal/beijing/46925608.htm
2011-05-16 15:06:02,526 ERROR [Thread-1]URL文件已经存在：http://www.manzuo.com/deal/beijing/96895411.htm
2011-05-16 15:06:04,941 ERROR [Thread-1]URL文件已经存在：http://www.manzuo.com/deal/beijing/62029561.htm
2011-05-16 15:06:08,013 ERROR [Thread-1]URL文件已经存在：http://www.manzuo.com/deal/beijing/55086683.htm
2011-05-16 15:06:19,766 ERROR [Thread-1]URL文件已经存在：http://www.manzuo.com/static/faq.htm
2011-05-16 15:06:20,696 ERROR [Thread-1]URL文件已经存在：http://www.manzuo.com/static/faq.htm
2011-05-16 15:06:21,710 ERROR [Thread-1]URL文件已经存在：http://www.manzuo.com/static/faq.htm
2011-05-16 15:06:24,233 ERROR [Thread-1]URL文件已经存在：http://www.manzuo.com/static/aboutus.htm
2011-05-16 15:06:26,141 ERROR [Thread-1]URL文件已经存在：http://www.manzuo.com/static/attention.htm
2011-05-16 15:06:26,884 ERROR [Thread-1]URL文件已经存在：http://www.manzuo.com/static/rules.htm
2011-05-16 15:06:27,607 ERROR [Thread-1]URL文件已经存在：http://www.manzuo.com/static/rules.htm
2011-05-16 15:06:28,556 ERROR [Thread-1]URL文件已经存在：http://www.manzuo.com/static/faq.htm
2011-05-16 15:06:31,191 ERROR [Thread-1]URL文件已经存在：http://www.manzuo.com/static/business.htm
2011-05-16 15:06:35,637 ERROR [Thread-1]URL文件已经存在：http://www.manzuo.com/beijing/index.htm
2011-05-16 15:07:50,299 ERROR [Thread-1]URL文件已经存在：http://www.manzuo.com/foshan/index.htm
2011-05-16 15:08:23,867 ERROR [Thread-1]URL文件已经存在：http://www.manzuo.com/changchun/index.htm
2011-05-16 15:09:03,382 ERROR [Thread-1]URL文件已经存在：http://www.manzuo.com/luoyang/index.htm
2011-05-16 15:09:05,198 ERROR [Thread-1]URL文件已经存在：http://www.manzuo.com/nanchang/index.htm
2011-05-16 15:09:13,016 ERROR [Thread-1]URL文件已经存在：http://www.manzuo.com/zhengzhou/index.htm
2011-05-16 15:09:31,088 ERROR [Thread-1]URL文件已经存在：http://www.manzuo.com/yichang/index.htm
2011-05-16 15:09:34,140 ERROR [Thread-1]URL文件已经存在：http://www.manzuo.com/beijing/index.htm
2011-05-16 15:09:35,513 ERROR [Thread-1]URL文件已经存在：http://www.manzuo.com/chongqing/index.htm
2011-05-16 15:09:37,415 ERROR [Thread-1]URL文件已经存在：http://www.manzuo.com/shanghai/index.htm
2011-05-16 15:09:38,776 ERROR [Thread-1]URL文件已经存在：http://www.manzuo.com/tianjin/index.htm
2011-05-16 15:09:40,157 ERROR [Thread-1]URL文件已经存在：http://www.manzuo.com/hefei/index.htm
2011-05-16 15:09:42,436 ERROR [Thread-1]URL文件已经存在：http://www.manzuo.com/maanshan/index.htm
2011-05-16 15:09:43,713 ERROR [Thread-1]URL文件已经存在：http://www.manzuo.com/wuhu/index.htm
2011-05-16 15:09:44,994 ERROR [Thread-1]URL文件已经存在：http://www.manzuo.com/fuzhou/index.htm
2011-05-16 15:09:46,367 ERROR [Thread-1]URL文件已经存在：http://www.manzuo.com/quanzhou/index.htm
2011-05-16 15:09:47,753 ERROR [Thread-1]URL文件已经存在：http://www.manzuo.com/xiamen/index.htm
2011-05-16 15:09:49,144 ERROR [Thread-1]URL文件已经存在：http://www.manzuo.com/chaozhou/index.htm
2011-05-16 15:09:51,640 ERROR [Thread-1]URL文件已经存在：http://www.manzuo.com/foshan/index.htm
2011-05-16 15:09:54,394 ERROR [Thread-1]URL文件已经存在：http://www.manzuo.com/guangzhou/index.htm
2011-05-16 15:09:55,767 ERROR [Thread-1]URL文件已经存在：http://www.manzuo.com/huizhou/index.htm
2011-05-16 15:09:57,130 ERROR [Thread-1]URL文件已经存在：http://www.manzuo.com/jiangmen/index.htm
2011-05-16 15:09:58,522 ERROR [Thread-1]URL文件已经存在：http://www.manzuo.com/maoming/index.htm
2011-05-16 15:10:00,226 ERROR [Thread-1]URL文件已经存在：http://www.manzuo.com/shenzhen/index.htm
2011-05-16 15:10:01,619 ERROR [Thread-1]URL文件已经存在：http://www.manzuo.com/shantou/index.htm
2011-05-16 15:10:02,971 ERROR [Thread-1]URL文件已经存在：http://www.manzuo.com/zhanjiang/index.htm
2011-05-16 15:10:04,344 ERROR [Thread-1]URL文件已经存在：http://www.manzuo.com/zhuhai/index.htm
2011-05-16 15:10:05,733 ERROR [Thread-1]URL文件已经存在：http://www.manzuo.com/zhongshan/index.htm
2011-05-16 15:10:07,105 ERROR [Thread-1]URL文件已经存在：http://www.manzuo.com/guilin/index.htm
2011-05-16 15:10:08,500 ERROR [Thread-1]URL文件已经存在：http://www.manzuo.com/liuzhou/index.htm
2011-05-16 15:10:09,913 ERROR [Thread-1]URL文件已经存在：http://www.manzuo.com/nanning/index.htm
2011-05-16 15:10:11,282 ERROR [Thread-1]URL文件已经存在：http://www.manzuo.com/guiyang/index.htm
2011-05-16 15:10:12,655 ERROR [Thread-1]URL文件已经存在：http://www.manzuo.com/lanzhou/index.htm
2011-05-16 15:10:14,028 ERROR [Thread-1]URL文件已经存在：http://www.manzuo.com/haikou/index.htm
2011-05-16 15:10:15,417 ERROR [Thread-1]URL文件已经存在：http://www.manzuo.com/sanya/index.htm
2011-05-16 15:10:16,789 ERROR [Thread-1]URL文件已经存在：http://www.manzuo.com/baoding/index.htm
2011-05-16 15:10:18,194 ERROR [Thread-1]URL文件已经存在：http://www.manzuo.com/cangzhou/index.htm
2011-05-16 15:10:19,565 ERROR [Thread-1]URL文件已经存在：http://www.manzuo.com/chengde/index.htm
2011-05-16 15:10:25,529 ERROR [Thread-1]URL文件已经存在：http://www.manzuo.com/handan/index.htm
2011-05-16 15:10:26,815 ERROR [Thread-1]URL文件已经存在：http://www.manzuo.com/hbjinzhou/index.htm
2011-05-16 15:10:28,391 ERROR [Thread-1]URL文件已经存在：http://www.manzuo.com/langfang/index.htm
2011-05-16 15:10:29,766 ERROR [Thread-1]URL文件已经存在：http://www.manzuo.com/qinhuangdao/index.htm
2011-05-16 15:10:31,118 ERROR [Thread-1]URL文件已经存在：http://www.manzuo.com/shijiazhuang/index.htm
2011-05-16 15:10:32,490 ERROR [Thread-1]URL文件已经存在：http://www.manzuo.com/tangshan/index.htm
2011-05-16 15:10:33,862 ERROR [Thread-1]URL文件已经存在：http://www.manzuo.com/zhangjiakou/index.htm
2011-05-16 15:10:35,313 ERROR [Thread-1]URL文件已经存在：http://www.manzuo.com/daqing/index.htm
2011-05-16 15:10:36,710 ERROR [Thread-1]URL文件已经存在：http://www.manzuo.com/haerbin/index.htm
2011-05-16 15:10:38,072 ERROR [Thread-1]URL文件已经存在：http://www.manzuo.com/mudanjiang/index.htm
2011-05-16 15:10:40,818 ERROR [Thread-1]URL文件已经存在：http://www.manzuo.com/jiaozuo/index.htm
2011-05-16 15:10:42,308 ERROR [Thread-1]URL文件已经存在：http://www.manzuo.com/kaifeng/index.htm
2011-05-16 15:10:43,693 ERROR [Thread-1]URL文件已经存在：http://www.manzuo.com/luoyang/index.htm
2011-05-16 15:10:45,085 ERROR [Thread-1]URL文件已经存在：http://www.manzuo.com/pingdingshan/index.htm
2011-05-16 15:10:46,459 ERROR [Thread-1]URL文件已经存在：http://www.manzuo.com/zhengzhou/index.htm
2011-05-16 15:10:47,928 ERROR [Thread-1]URL文件已经存在：http://www.manzuo.com/changzhou/index.htm
2011-05-16 15:10:49,211 ERROR [Thread-1]URL文件已经存在：http://www.manzuo.com/changsha/index.htm
2011-05-16 15:10:50,584 ERROR [Thread-1]URL文件已经存在：http://www.manzuo.com/hengyang/index.htm
2011-05-16 15:10:51,973 ERROR [Thread-1]URL文件已经存在：http://www.manzuo.com/yueyang/index.htm
2011-05-16 15:10:53,367 ERROR [Thread-1]URL文件已经存在：http://www.manzuo.com/wuhan/index.htm
2011-05-16 15:10:54,752 ERROR [Thread-1]URL文件已经存在：http://www.manzuo.com/yichang/index.htm
2011-05-16 15:10:56,250 ERROR [Thread-1]URL文件已经存在：http://www.manzuo.com/changzhou/index.htm
2011-05-16 15:10:57,612 ERROR [Thread-1]URL文件已经存在：http://www.manzuo.com/huaian/index.htm
2011-05-16 15:10:58,967 ERROR [Thread-1]URL文件已经存在：http://www.manzuo.com/lianyungang/index.htm
2011-05-16 15:11:00,403 ERROR [Thread-1]URL文件已经存在：http://www.manzuo.com/nanjing/index.htm
2011-05-16 15:11:01,765 ERROR [Thread-1]URL文件已经存在：http://www.manzuo.com/nantong/index.htm
2011-05-16 15:11:03,351 ERROR [Thread-1]URL文件已经存在：http://www.manzuo.com/suzhou/index.htm
2011-05-16 15:11:04,832 ERROR [Thread-1]URL文件已经存在：http://www.manzuo.com/kunshan/index.htm
2011-05-16 15:11:06,328 ERROR [Thread-1]URL文件已经存在：http://www.manzuo.com/wuxi/index.htm
2011-05-16 15:11:07,704 ERROR [Thread-1]URL文件已经存在：http://www.manzuo.com/xuzhou/index.htm
2011-05-16 15:11:08,984 ERROR [Thread-1]URL文件已经存在：http://www.manzuo.com/yangzhou/index.htm
2011-05-16 15:11:10,358 ERROR [Thread-1]URL文件已经存在：http://www.manzuo.com/yancheng/index.htm
2011-05-16 15:11:11,730 ERROR [Thread-1]URL文件已经存在：http://www.manzuo.com/jstaizhou/index.htm
2011-05-16 15:11:13,013 ERROR [Thread-1]URL文件已经存在：http://www.manzuo.com/changchun/index.htm
2011-05-16 15:11:14,385 ERROR [Thread-1]URL文件已经存在：http://www.manzuo.com/jilin/index.htm
2011-05-16 15:11:16,125 ERROR [Thread-1]URL文件已经存在：http://www.manzuo.com/nanchang/index.htm
2011-05-16 15:11:17,496 ERROR [Thread-1]URL文件已经存在：http://www.manzuo.com/anshan/index.htm
2011-05-16 15:11:18,763 ERROR [Thread-1]URL文件已经存在：http://www.manzuo.com/dalian/index.htm
2011-05-16 15:11:20,233 ERROR [Thread-1]URL文件已经存在：http://www.manzuo.com/fushun/index.htm
2011-05-16 15:11:21,628 ERROR [Thread-1]URL文件已经存在：http://www.manzuo.com/jinzhou/index.htm
2011-05-16 15:11:22,990 ERROR [Thread-1]URL文件已经存在：http://www.manzuo.com/panjin/index.htm
2011-05-16 15:11:24,367 ERROR [Thread-1]URL文件已经存在：http://www.manzuo.com/shenyang/index.htm
2011-05-16 15:11:25,739 ERROR [Thread-1]URL文件已经存在：http://www.manzuo.com/yinchuan/index.htm
2011-05-16 15:11:27,121 ERROR [Thread-1]URL文件已经存在：http://www.manzuo.com/baotou/index.htm
2011-05-16 15:11:28,503 ERROR [Thread-1]URL文件已经存在：http://www.manzuo.com/eerduosi/index.htm
2011-05-16 15:11:29,892 ERROR [Thread-1]URL文件已经存在：http://www.manzuo.com/huhehaote/index.htm
2011-05-16 15:11:31,276 ERROR [Thread-1]URL文件已经存在：http://www.manzuo.com/xining/index.htm
2011-05-16 15:11:32,648 ERROR [Thread-1]URL文件已经存在：http://www.manzuo.com/datong/index.htm
2011-05-16 15:11:34,019 ERROR [Thread-1]URL文件已经存在：http://www.manzuo.com/taiyuan/index.htm
2011-05-16 15:11:35,479 ERROR [Thread-1]URL文件已经存在：http://www.manzuo.com/dezhou/index.htm
2011-05-16 15:11:36,841 ERROR [Thread-1]URL文件已经存在：http://www.manzuo.com/dongying/index.htm
2011-05-16 15:11:38,220 ERROR [Thread-1]URL文件已经存在：http://www.manzuo.com/jinan/index.htm
2011-05-16 15:11:39,809 ERROR [Thread-1]URL文件已经存在：http://www.manzuo.com/qingdao/index.htm
2011-05-16 15:11:41,171 ERROR [Thread-1]URL文件已经存在：http://www.manzuo.com/rizhao/index.htm
2011-05-16 15:11:42,532 ERROR [Thread-1]URL文件已经存在：http://www.manzuo.com/taian/index.htm
2011-05-16 15:11:43,917 ERROR [Thread-1]URL文件已经存在：http://www.manzuo.com/weifang/index.htm
2011-05-16 15:11:45,295 ERROR [Thread-1]URL文件已经存在：http://www.manzuo.com/weihai/index.htm
2011-05-16 15:11:46,816 ERROR [Thread-1]URL文件已经存在：http://www.manzuo.com/yantai/index.htm
2011-05-16 15:11:48,321 ERROR [Thread-1]URL文件已经存在：http://www.manzuo.com/zibo/index.htm
2011-05-16 15:11:49,913 ERROR [Thread-1]URL文件已经存在：http://www.manzuo.com/chengdu/index.htm
2011-05-16 15:11:51,265 ERROR [Thread-1]URL文件已经存在：http://www.manzuo.com/mianyang/index.htm
2011-05-16 15:11:52,734 ERROR [Thread-1]URL文件已经存在：http://www.manzuo.com/panzhihua/index.htm
2011-05-16 15:11:54,107 ERROR [Thread-1]URL文件已经存在：http://www.manzuo.com/baoji/index.htm
2011-05-16 15:11:55,676 ERROR [Thread-1]URL文件已经存在：http://www.manzuo.com/xian/index.htm
2011-05-16 15:11:57,048 ERROR [Thread-1]URL文件已经存在：http://www.manzuo.com/yanan/index.htm
2011-05-16 15:11:58,421 ERROR [Thread-1]URL文件已经存在：http://www.manzuo.com/taibei/index.htm
2011-05-16 15:11:59,785 ERROR [Thread-1]URL文件已经存在：http://www.manzuo.com/lasa/index.htm
2011-05-16 15:12:01,157 ERROR [Thread-1]URL文件已经存在：http://www.manzuo.com/wulumuqi/index.htm
2011-05-16 15:12:02,516 ERROR [Thread-1]URL文件已经存在：http://www.manzuo.com/lijiang/index.htm
2011-05-16 15:12:03,969 ERROR [Thread-1]URL文件已经存在：http://www.manzuo.com/kunming/index.htm
2011-05-16 15:12:05,361 ERROR [Thread-1]URL文件已经存在：http://www.manzuo.com/huzhou/index.htm
2011-05-16 15:12:06,851 ERROR [Thread-1]URL文件已经存在：http://www.manzuo.com/hangzhou/index.htm
2011-05-16 15:12:08,233 ERROR [Thread-1]URL文件已经存在：http://www.manzuo.com/jiaxing/index.htm
2011-05-16 15:12:09,835 ERROR [Thread-1]URL文件已经存在：http://www.manzuo.com/ningbo/index.htm
2011-05-16 15:12:11,187 ERROR [Thread-1]URL文件已经存在：http://www.manzuo.com/shaoxing/index.htm
2011-05-16 15:12:12,604 ERROR [Thread-1]URL文件已经存在：http://www.manzuo.com/taizhou/index.htm
2011-05-16 15:12:13,966 ERROR [Thread-1]URL文件已经存在：http://www.manzuo.com/wenzhou/index.htm
2011-05-16 15:12:15,431 ERROR [Thread-1]URL文件已经存在：http://www.manzuo.com/yiwu/index.htm
2011-05-16 15:12:16,811 ERROR [Thread-1]URL文件已经存在：http://www.manzuo.com/jinhua/index.htm
2011-05-16 15:12:18,203 ERROR [Thread-1]URL文件已经存在：http://www.manzuo.com/anshan/index.htm
2011-05-16 15:12:19,904 ERROR [Thread-1]URL文件已经存在：http://www.manzuo.com/beijing/index.htm
2011-05-16 15:12:21,257 ERROR [Thread-1]URL文件已经存在：http://www.manzuo.com/baoding/index.htm
2011-05-16 15:12:22,539 ERROR [Thread-1]URL文件已经存在：http://www.manzuo.com/baotou/index.htm
2011-05-16 15:12:23,900 ERROR [Thread-1]URL文件已经存在：http://www.manzuo.com/baoji/index.htm
2011-05-16 15:12:25,283 ERROR [Thread-1]URL文件已经存在：http://www.manzuo.com/chengdu/index.htm
2011-05-16 15:12:26,562 ERROR [Thread-1]URL文件已经存在：http://www.manzuo.com/changsha/index.htm
2011-05-16 15:12:27,948 ERROR [Thread-1]URL文件已经存在：http://www.manzuo.com/chongqing/index.htm
2011-05-16 15:12:29,213 ERROR [Thread-1]URL文件已经存在：http://www.manzuo.com/changchun/index.htm
2011-05-16 15:12:30,687 ERROR [Thread-1]URL文件已经存在：http://www.manzuo.com/changzhou/index.htm
2011-05-16 15:12:32,049 ERROR [Thread-1]URL文件已经存在：http://www.manzuo.com/cangzhou/index.htm
2011-05-16 15:12:33,426 ERROR [Thread-1]URL文件已经存在：http://www.manzuo.com/changde/index.htm
2011-05-16 15:12:34,796 ERROR [Thread-1]URL文件已经存在：http://www.manzuo.com/chengde/index.htm
2011-05-16 15:12:36,187 ERROR [Thread-1]URL文件已经存在：http://www.manzuo.com/chaozhou/index.htm
2011-05-16 15:12:37,559 ERROR [Thread-1]URL文件已经存在：http://www.manzuo.com/dongguan/index.htm
2011-05-16 15:12:38,835 ERROR [Thread-1]URL文件已经存在：http://www.manzuo.com/dalian/index.htm
2011-05-16 15:12:40,207 ERROR [Thread-1]URL文件已经存在：http://www.manzuo.com/dezhou/index.htm
2011-05-16 15:12:41,586 ERROR [Thread-1]URL文件已经存在：http://www.manzuo.com/dongying/index.htm
2011-05-16 15:12:42,948 ERROR [Thread-1]URL文件已经存在：http://www.manzuo.com/daqing/index.htm
2011-05-16 15:12:44,335 ERROR [Thread-1]URL文件已经存在：http://www.manzuo.com/datong/index.htm
2011-05-16 15:12:45,707 ERROR [Thread-1]URL文件已经存在：http://www.manzuo.com/eerduosi/index.htm
2011-05-16 15:12:46,973 ERROR [Thread-1]URL文件已经存在：http://www.manzuo.com/fuzhou/index.htm
2011-05-16 15:12:48,365 ERROR [Thread-1]URL文件已经存在：http://www.manzuo.com/foshan/index.htm
2011-05-16 15:12:49,721 ERROR [Thread-1]URL文件已经存在：http://www.manzuo.com/fushun/index.htm
2011-05-16 15:12:51,703 ERROR [Thread-1]URL文件已经存在：http://www.manzuo.com/guangzhou/index.htm
2011-05-16 15:12:53,081 ERROR [Thread-1]URL文件已经存在：http://www.manzuo.com/guiyang/index.htm
2011-05-16 15:12:54,351 ERROR [Thread-1]URL文件已经存在：http://www.manzuo.com/guilin/index.htm
2011-05-16 15:12:55,851 ERROR [Thread-1]URL文件已经存在：http://www.manzuo.com/hangzhou/index.htm
2011-05-16 15:12:57,243 ERROR [Thread-1]URL文件已经存在：http://www.manzuo.com/haerbin/index.htm
2011-05-16 15:12:58,614 ERROR [Thread-1]URL文件已经存在：http://www.manzuo.com/haikou/index.htm
2011-05-16 15:12:59,989 ERROR [Thread-1]URL文件已经存在：http://www.manzuo.com/hefei/index.htm
2011-05-16 15:13:01,351 ERROR [Thread-1]URL文件已经存在：http://www.manzuo.com/huhehaote/index.htm
2011-05-16 15:13:02,724 ERROR [Thread-1]URL文件已经存在：http://www.manzuo.com/huizhou/index.htm
2011-05-16 15:13:04,078 ERROR [Thread-1]URL文件已经存在：http://www.manzuo.com/hengyang/index.htm
2011-05-16 15:13:05,460 ERROR [Thread-1]URL文件已经存在：http://www.manzuo.com/handan/index.htm
2011-05-16 15:13:06,829 ERROR [Thread-1]URL文件已经存在：http://www.manzuo.com/huzhou/index.htm
2011-05-16 15:13:08,213 ERROR [Thread-1]URL文件已经存在：http://www.manzuo.com/huaian/index.htm
2011-05-16 15:13:09,599 ERROR [Thread-1]URL文件已经存在：http://www.manzuo.com/jinan/index.htm
2011-05-16 15:13:10,982 ERROR [Thread-1]URL文件已经存在：http://www.manzuo.com/jiaxing/index.htm
2011-05-16 15:13:12,467 ERROR [Thread-1]URL文件已经存在：http://www.manzuo.com/jiangmen/index.htm
2011-05-16 15:13:14,591 ERROR [Thread-1]URL文件已经存在：http://www.manzuo.com/jilin/index.htm
2011-05-16 15:13:16,107 ERROR [Thread-1]URL文件已经存在：http://www.manzuo.com/jinzhou/index.htm
2011-05-16 15:13:18,769 ERROR [Thread-1]URL文件已经存在：http://www.manzuo.com/hbjinzhou/index.htm
2011-05-16 15:13:23,882 ERROR [Thread-1]URL文件已经存在：http://www.manzuo.com/jiaozuo/index.htm
2011-05-16 15:13:28,667 ERROR [Thread-1]URL文件已经存在：http://www.manzuo.com/jinhua/index.htm
2011-05-16 15:13:33,220 ERROR [Thread-1]URL文件已经存在：http://www.manzuo.com/kunming/index.htm
2011-05-16 15:13:35,434 ERROR [Thread-1]URL文件已经存在：http://www.manzuo.com/kaifeng/index.htm
2011-05-16 15:13:38,417 ERROR [Thread-1]URL文件已经存在：http://www.manzuo.com/kunshan/index.htm
2011-05-16 15:13:40,298 ERROR [Thread-1]URL文件已经存在：http://www.manzuo.com/lanzhou/index.htm
2011-05-16 15:13:42,217 ERROR [Thread-1]URL文件已经存在：http://www.manzuo.com/luoyang/index.htm
2011-05-16 15:13:43,605 ERROR [Thread-1]URL文件已经存在：http://www.manzuo.com/langfang/index.htm
2011-05-16 15:13:45,174 ERROR [Thread-1]URL文件已经存在：http://www.manzuo.com/lianyungang/index.htm
2011-05-16 15:13:46,536 ERROR [Thread-1]URL文件已经存在：http://www.manzuo.com/lasa/index.htm
2011-05-16 15:13:47,908 ERROR [Thread-1]URL文件已经存在：http://www.manzuo.com/lijiang/index.htm
2011-05-16 15:13:49,270 ERROR [Thread-1]URL文件已经存在：http://www.manzuo.com/liuzhou/index.htm
2011-05-16 15:13:50,677 ERROR [Thread-1]URL文件已经存在：http://www.manzuo.com/mianyang/index.htm
2011-05-16 15:13:52,069 ERROR [Thread-1]URL文件已经存在：http://www.manzuo.com/maoming/index.htm
2011-05-16 15:13:53,440 ERROR [Thread-1]URL文件已经存在：http://www.manzuo.com/maanshan/index.htm
2011-05-16 15:13:54,821 ERROR [Thread-1]URL文件已经存在：http://www.manzuo.com/mudanjiang/index.htm
2011-05-16 15:13:56,288 ERROR [Thread-1]URL文件已经存在：http://www.manzuo.com/nanjing/index.htm
2011-05-16 15:13:57,996 ERROR [Thread-1]URL文件已经存在：http://www.manzuo.com/nanchang/index.htm
2011-05-16 15:14:02,529 ERROR [Thread-1]URL文件已经存在：http://www.manzuo.com/ningbo/index.htm
2011-05-16 15:14:03,993 ERROR [Thread-1]URL文件已经存在：http://www.manzuo.com/nanning/index.htm
2011-05-16 15:14:05,375 ERROR [Thread-1]URL文件已经存在：http://www.manzuo.com/nantong/index.htm
2011-05-16 15:14:06,767 ERROR [Thread-1]URL文件已经存在：http://www.manzuo.com/pingdingshan/index.htm
2011-05-16 15:14:08,140 ERROR [Thread-1]URL文件已经存在：http://www.manzuo.com/panjin/index.htm
2011-05-16 15:14:09,611 ERROR [Thread-1]URL文件已经存在：http://www.manzuo.com/panzhihua/index.htm
2011-05-16 15:14:11,224 ERROR [Thread-1]URL文件已经存在：http://www.manzuo.com/qingdao/index.htm
2011-05-16 15:14:12,519 ERROR [Thread-1]URL文件已经存在：http://www.manzuo.com/quanzhou/index.htm
2011-05-16 15:14:13,877 ERROR [Thread-1]URL文件已经存在：http://www.manzuo.com/qinhuangdao/index.htm
2011-05-16 15:14:15,249 ERROR [Thread-1]URL文件已经存在：http://www.manzuo.com/qiqihaer/index.htm
2011-05-16 15:14:16,611 ERROR [Thread-1]URL文件已经存在：http://www.manzuo.com/rizhao/index.htm
2011-05-16 15:14:18,526 ERROR [Thread-1]URL文件已经存在：http://www.manzuo.com/shanghai/index.htm
2011-05-16 15:14:20,118 ERROR [Thread-1]URL文件已经存在：http://www.manzuo.com/shenzhen/index.htm
2011-05-16 15:14:21,723 ERROR [Thread-1]URL文件已经存在：http://www.manzuo.com/suzhou/index.htm
2011-05-16 15:14:23,092 ERROR [Thread-1]URL文件已经存在：http://www.manzuo.com/shenyang/index.htm
2011-05-16 15:14:24,464 ERROR [Thread-1]URL文件已经存在：http://www.manzuo.com/shijiazhuang/index.htm
2011-05-16 15:14:25,846 ERROR [Thread-1]URL文件已经存在：http://www.manzuo.com/shantou/index.htm
2011-05-16 15:14:27,217 ERROR [Thread-1]URL文件已经存在：http://www.manzuo.com/shaoxing/index.htm
2011-05-16 15:14:28,589 ERROR [Thread-1]URL文件已经存在：http://www.manzuo.com/sanya/index.htm
2011-05-16 15:14:29,971 ERROR [Thread-1]URL文件已经存在：http://www.manzuo.com/taibei/index.htm
2011-05-16 15:14:31,348 ERROR [Thread-1]URL文件已经存在：http://www.manzuo.com/tianjin/index.htm
2011-05-16 15:14:32,611 ERROR [Thread-1]URL文件已经存在：http://www.manzuo.com/taiyuan/index.htm
2011-05-16 15:14:34,036 ERROR [Thread-1]URL文件已经存在：http://www.manzuo.com/tangshan/index.htm
2011-05-16 15:14:35,489 ERROR [Thread-1]URL文件已经存在：http://www.manzuo.com/taian/index.htm
2011-05-16 15:14:36,872 ERROR [Thread-1]URL文件已经存在：http://www.manzuo.com/tanggu/index.htm
2011-05-16 15:14:38,234 ERROR [Thread-1]URL文件已经存在：http://www.manzuo.com/taizhou/index.htm
2011-05-16 15:14:39,607 ERROR [Thread-1]URL文件已经存在：http://www.manzuo.com/jstaizhou/index.htm
2011-05-16 15:14:41,095 ERROR [Thread-1]URL文件已经存在：http://www.manzuo.com/wuhan/index.htm
2011-05-16 15:14:42,585 ERROR [Thread-1]URL文件已经存在：http://www.manzuo.com/wuxi/index.htm
2011-05-16 15:14:43,947 ERROR [Thread-1]URL文件已经存在：http://www.manzuo.com/weifang/index.htm
2011-05-16 15:14:45,299 ERROR [Thread-1]URL文件已经存在：http://www.manzuo.com/wulumuqi/index.htm
2011-05-16 15:14:46,671 ERROR [Thread-1]URL文件已经存在：http://www.manzuo.com/wenzhou/index.htm
2011-05-16 15:14:48,053 ERROR [Thread-1]URL文件已经存在：http://www.manzuo.com/weihai/index.htm
2011-05-16 15:14:49,334 ERROR [Thread-1]URL文件已经存在：http://www.manzuo.com/wuhu/index.htm
2011-05-16 15:14:50,933 ERROR [Thread-1]URL文件已经存在：http://www.manzuo.com/xian/index.htm
2011-05-16 15:14:52,329 ERROR [Thread-1]URL文件已经存在：http://www.manzuo.com/xiamen/index.htm
2011-05-16 15:14:53,711 ERROR [Thread-1]URL文件已经存在：http://www.manzuo.com/xianggang/index.htm
2011-05-16 15:14:55,101 ERROR [Thread-1]URL文件已经存在：http://www.manzuo.com/xuzhou/index.htm
2011-05-16 15:14:56,622 ERROR [Thread-1]URL文件已经存在：http://www.manzuo.com/xining/index.htm
2011-05-16 15:14:58,065 ERROR [Thread-1]URL文件已经存在：http://www.manzuo.com/xuchang/index.htm
2011-05-16 15:14:59,434 ERROR [Thread-1]URL文件已经存在：http://www.manzuo.com/xiangtan/index.htm
2011-05-16 15:15:00,926 ERROR [Thread-1]URL文件已经存在：http://www.manzuo.com/yantai/index.htm
2011-05-16 15:15:02,298 ERROR [Thread-1]URL文件已经存在：http://www.manzuo.com/yinchuan/index.htm
2011-05-16 15:15:03,670 ERROR [Thread-1]URL文件已经存在：http://www.manzuo.com/yanan/index.htm
2011-05-16 15:15:04,950 ERROR [Thread-1]URL文件已经存在：http://www.manzuo.com/yangzhou/index.htm
2011-05-16 15:15:06,322 ERROR [Thread-1]URL文件已经存在：http://www.manzuo.com/yichang/index.htm
2011-05-16 15:15:07,684 ERROR [Thread-1]URL文件已经存在：http://www.manzuo.com/yancheng/index.htm
2011-05-16 15:15:09,055 ERROR [Thread-1]URL文件已经存在：http://www.manzuo.com/yueyang/index.htm
2011-05-16 15:15:10,338 ERROR [Thread-1]URL文件已经存在：http://www.manzuo.com/yiwu/index.htm
2011-05-16 15:15:11,717 ERROR [Thread-1]URL文件已经存在：http://www.manzuo.com/zhengzhou/index.htm
2011-05-16 15:15:13,184 ERROR [Thread-1]URL文件已经存在：http://www.manzuo.com/zhuhai/index.htm
2011-05-16 15:15:14,555 ERROR [Thread-1]URL文件已经存在：http://www.manzuo.com/zhangjiakou/index.htm
2011-05-16 15:15:16,338 ERROR [Thread-1]URL文件已经存在：http://www.manzuo.com/zibo/index.htm
2011-05-16 15:15:17,608 ERROR [Thread-1]URL文件已经存在：http://www.manzuo.com/zhanjiang/index.htm
2011-05-16 15:15:18,536 INFO [Thread-1] 抓取网页结束，成功抓取到173个网页
